<?xml version="1.0" encoding="UTF-8" ?>
<testsuite errors="0" failures="0" hostname="DESKTOP-OL5CKUH" name="com.flatironschool.javacs.MyArrayListTest" skipped="0" tests="19" time="0.078" timestamp="2016-04-18T01:21:34">
  <properties>
    <property name="java.vendor" value="Oracle Corporation" />
    <property name="env.USERDOMAIN_ROAMINGPROFILE" value="DESKTOP-OL5CKUH" />
    <property name="sun.java.launcher" value="SUN_STANDARD" />
    <property name="sun.management.compiler" value="HotSpot 64-Bit Tiered Compilers" />
    <property name="env.PROMPT" value="$P$G" />
    <property name="os.name" value="Windows 10" />
    <property name="sun.boot.class.path" value="C:\Program Files\Java\jdk1.8.0_77\jre\lib\resources.jar;C:\Program Files\Java\jdk1.8.0_77\jre\lib\rt.jar;C:\Program Files\Java\jdk1.8.0_77\jre\lib\sunrsasign.jar;C:\Program Files\Java\jdk1.8.0_77\jre\lib\jsse.jar;C:\Program Files\Java\jdk1.8.0_77\jre\lib\jce.jar;C:\Program Files\Java\jdk1.8.0_77\jre\lib\charsets.jar;C:\Program Files\Java\jdk1.8.0_77\jre\lib\jfr.jar;C:\Program Files\Java\jdk1.8.0_77\jre\classes" />
    <property name="env.COMPUTERNAME" value="DESKTOP-OL5CKUH" />
    <property name="env.CommonProgramW6432" value="C:\Program Files\Common Files" />
    <property name="env.ALLUSERSPROFILE" value="C:\ProgramData" />
    <property name="sun.desktop" value="windows" />
    <property name="java.vm.specification.vendor" value="Oracle Corporation" />
    <property name="ant.home" value="C:\Program Files\Ant\bin\.." />
    <property name="java.runtime.version" value="1.8.0_77-b03" />
    <property name="env.HOMEPATH" value="\Users\rwtab" />
    <property name="user.name" value="rwtab" />
    <property name="env.ADSK_3DSMAX_x64_2016" value="C:\Program Files\Autodesk\3ds Max 2016\" />
    <property name="env.USER" value="rwtab" />
    <property name="user.language" value="en" />
    <property name="sun.boot.library.path" value="C:\Program Files\Java\jdk1.8.0_77\jre\bin" />
    <property name="ant.project.default-target" value="build" />
    <property name="ant.project.name" value="JavaCS" />
    <property name="java.version" value="1.8.0_77" />
    <property name="env.PROCESSOR_IDENTIFIER" value="Intel64 Family 6 Model 60 Stepping 3, GenuineIntel" />
    <property name="user.timezone" value="" />
    <property name="env.TEMP" value="C:\Users\rwtab\AppData\Local\Temp" />
    <property name="sun.arch.data.model" value="64" />
    <property name="java.endorsed.dirs" value="C:\Program Files\Java\jdk1.8.0_77\jre\lib\endorsed" />
    <property name="env._JAVACMD" value="C:\Program Files\Java\jdk1.8.0_77\bin\java.exe" />
    <property name="sun.cpu.isalist" value="amd64" />
    <property name="env.HOMEDRIVE" value="C:" />
    <property name="sun.jnu.encoding" value="Cp1252" />
    <property name="file.encoding.pkg" value="sun.io" />
    <property name="file.separator" value="\" />
    <property name="java.specification.name" value="Java Platform API Specification" />
    <property name="java.class.version" value="52.0" />
    <property name="user.country" value="US" />
    <property name="ant.file.JavaCS" value="C:\Users\rwtab\Desktop\cs-implementing-an-arraylist-lab-codeU\javacs-lab02\build.xml" />
    <property name="java.home" value="C:\Program Files\Java\jdk1.8.0_77\jre" />
    <property name="env.PSModulePath" value="C:\Program Files\WindowsPowerShell\Modules;C:\Windows\system32\WindowsPowerShell\v1.0\Modules" />
    <property name="env.APPDATA" value="C:\Users\rwtab\AppData\Roaming" />
    <property name="env.PUBLIC" value="C:\Users\Public" />
    <property name="java.vm.info" value="mixed mode" />
    <property name="env.ComSpec" value="C:\Windows\system32\cmd.exe" />
    <property name="env.OS" value="Windows_NT" />
    <property name="env.CommonProgramFiles" value="C:\Program Files\Common Files" />
    <property name="ant.file" value="C:\Users\rwtab\Desktop\cs-implementing-an-arraylist-lab-codeU\javacs-lab02\build.xml" />
    <property name="os.version" value="10.0" />
    <property name="env.=ExitCode" value="00000000" />
    <property name="env.ProgramW6432" value="C:\Program Files" />
    <property name="env._USE_CLASSPATH" value="no" />
    <property name="env.=::" value="::\" />
    <property name="path.separator" value=";" />
    <property name="env.OMP_NUM_THREADS" value="8" />
    <property name="java.vm.version" value="25.77-b03" />
    <property name="user.variant" value="" />
    <property name="env.USERPROFILE" value="C:\Users\rwtab" />
    <property name="ant.library.dir" value="C:\Program Files\Ant\lib" />
    <property name="junit.output.dir" value="junit" />
    <property name="env.SSL_CERT_FILE" value="C:\RailsInstaller\cacert.pem" />
    <property name="env.JAVA_HOME" value="C:\Program Files\Java\jdk1.8.0_77" />
    <property name="java.awt.printerjob" value="sun.awt.windows.WPrinterJob" />
    <property name="env.TMP" value="C:\Users\rwtab\AppData\Local\Temp" />
    <property name="sun.io.unicode.encoding" value="UnicodeLittle" />
    <property name="awt.toolkit" value="sun.awt.windows.WToolkit" />
    <property name="sun.stdout.encoding" value="cp437" />
    <property name="user.script" value="" />
    <property name="user.home" value="C:\Users\rwtab" />
    <property name="target" value="1.6" />
    <property name="env.ProgramData" value="C:\ProgramData" />
    <property name="env.SESSIONNAME" value="Console" />
    <property name="env.ProgramFiles(x86)" value="C:\Program Files (x86)" />
    <property name="java.specification.vendor" value="Oracle Corporation" />
    <property name="env.NUMBER_OF_PROCESSORS" value="8" />
    <property name="java.library.path" value="C:\Program Files\Java\jdk1.8.0_77\jre\bin;C:\Windows\Sun\Java\bin;C:\Windows\system32;C:\Windows;C:\Windows;C:\ProgramData\Oracle\Java\javapath;C:\Program Files (x86)\Intel\iCLS Client\;C:\Program Files\Intel\iCLS Client\;C:\Windows\system32;C:\Windows;C:\Windows\System32\Wbem;C:\Windows\System32\WindowsPowerShell\v1.0\;C:\Program Files (x86)\Intel\Intel(R) Management Engine Components\DAL;C:\Program Files\Intel\Intel(R) Management Engine Components\DAL;C:\Program Files (x86)\Intel\Intel(R) Management Engine Components\IPT;C:\Program Files\Intel\Intel(R) Management Engine Components\IPT;C:\TDM-GCC-64\bin;C:\Program Files\Common Files\Autodesk Shared\;C:\Program Files (x86)\Autodesk\Backburner\;C:\Program Files\Git\cmd;C:\Program Files (x86)\GNU\GnuPG\pub;C:\ProgramData\Oracle\Java\javapath;C:\Program Files (x86)\Intel\iCLS Client\;C:\Program Files\Intel\iCLS Client\;C:\Windows\system32;C:\Windows;C:\Windows\System32\Wbem;C:\Windows\System32\WindowsPowerShell\v1.0\;C:\Program Files (x86)\Intel\Intel(R) Management Engine Components\DAL;C:\Program Files\Intel\Intel(R) Management Engine Components\DAL;C:\Program Files (x86)\Intel\Intel(R) Management Engine Components\IPT;C:\Program Files\Intel\Intel(R) Management Engine Components\IPT;C:\TDM-GCC-64\bin;C:\Program Files\Common Files\Autodesk Shared\;C:\Program Files (x86)\Autodesk\Backburner\;C:\Program Files\Git\cmd;C:\Program Files (x86)\GNU\GnuPG\pub;C:\RailsInstaller\Ruby2.2.0\bin;C:\Program Files\Ant\bin;C:\Program Files\Java\jdk1.8.0_77\bin;." />
    <property name="java.vendor.url" value="http://java.oracle.com/" />
    <property name="env.CM2014DIR" value="C:\Program Files (x86)\Common Files\Autodesk Shared\Materials\" />
    <property name="java.vm.vendor" value="Oracle Corporation" />
    <property name="java.runtime.name" value="Java(TM) SE Runtime Environment" />
    <property name="env.CM2015DIR" value="C:\Program Files (x86)\Common Files\Autodesk Shared\Materials\" />
    <property name="ant.version" value="Apache Ant(TM) version 1.9.7 compiled on April 9 2016" />
    <property name="java.class.path" value="C:\Users\rwtab\Desktop\cs-implementing-an-arraylist-lab-codeU\javacs-lab02\bin;C:\Users\rwtab\Desktop\cs-implementing-an-arraylist-lab-codeU\javacs-lab02\lib\junit-4.12.jar;C:\Users\rwtab\Desktop\cs-implementing-an-arraylist-lab-codeU\javacs-lab02\lib\hamcrest-core-1.3.jar;C:\Program Files\Ant\lib\ant-launcher.jar;C:\Program Files\Ant\lib\ant.jar;C:\Program Files\Ant\lib\ant-junit.jar;C:\Program Files\Ant\lib\ant-junit4.jar" />
    <property name="sun.java.command" value="org.apache.tools.ant.taskdefs.optional.junit.JUnitTestRunner com.flatironschool.javacs.MyArrayListTest skipNonTests=false filtertrace=true haltOnError=false haltOnFailure=false formatter=org.apache.tools.ant.taskdefs.optional.junit.OutErrSummaryJUnitResultFormatter showoutput=false outputtoformatters=true logfailedtests=true threadid=0 logtestlistenerevents=false formatter=org.apache.tools.ant.taskdefs.optional.junit.XMLJUnitResultFormatter,C:\Users\rwtab\Desktop\cs-implementing-an-arraylist-lab-codeU\javacs-lab02\junit\TEST-com.flatironschool.javacs.MyArrayListTest.xml formatter=org.apache.tools.ant.taskdefs.optional.junit.PlainJUnitResultFormatter crashfile=C:\Users\rwtab\Desktop\cs-implementing-an-arraylist-lab-codeU\javacs-lab02\junitvmwatcher6335569434982455644.properties propsfile=C:\Users\rwtab\Desktop\cs-implementing-an-arraylist-lab-codeU\javacs-lab02\junit7304446334654064268.properties" />
    <property name="ant.file.type.JavaCS" value="file" />
    <property name="java.vm.specification.name" value="Java Virtual Machine Specification" />
    <property name="ant.file.type" value="file" />
    <property name="env.LOGONSERVER" value="\\MicrosoftAccount" />
    <property name="env.windir" value="C:\Windows" />
    <property name="env.PROCESSOR_ARCHITECTURE" value="AMD64" />
    <property name="java.vm.specification.version" value="1.8" />
    <property name="sun.cpu.endian" value="little" />
    <property name="sun.os.patch.level" value="" />
    <property name="env.HOME" value="C:/Users/rwtab" />
    <property name="debuglevel" value="source,lines,vars" />
    <property name="env.ProgramFiles" value="C:\Program Files" />
    <property name="env.ANT_HOME" value="C:\Program Files\Ant\bin\.." />
    <property name="java.io.tmpdir" value="C:\Users\rwtab\AppData\Local\Temp\" />
    <property name="env.PROCESSOR_REVISION" value="3c03" />
    <property name="env.CommonProgramFiles(x86)" value="C:\Program Files (x86)\Common Files" />
    <property name="java.vendor.url.bug" value="http://bugreport.sun.com/bugreport/" />
    <property name="env.SystemRoot" value="C:\Windows" />
    <property name="java.awt.graphicsenv" value="sun.awt.Win32GraphicsEnvironment" />
    <property name="env.ANT_CMD_LINE_ARGS" value=" test -buildfile javacs-lab02/build.xml" />
    <property name="os.arch" value="amd64" />
    <property name="java.ext.dirs" value="C:\Program Files\Java\jdk1.8.0_77\jre\lib\ext;C:\Windows\Sun\Java\lib\ext" />
    <property name="env.LOCALAPPDATA" value="C:\Users\rwtab\AppData\Local" />
    <property name="user.dir" value="C:\Users\rwtab\Desktop\cs-implementing-an-arraylist-lab-codeU" />
    <property name="line.separator" value="&#xd;&#xa;" />
    <property name="java.vm.name" value="Java HotSpot(TM) 64-Bit Server VM" />
    <property name="env.PATHEXT" value=".COM;.EXE;.BAT;.CMD;.VBS;.VBE;.JS;.JSE;.WSF;.WSH;.MSC" />
    <property name="env.Path" value="C:\Windows;C:\ProgramData\Oracle\Java\javapath;C:\Program Files (x86)\Intel\iCLS Client\;C:\Program Files\Intel\iCLS Client\;C:\Windows\system32;C:\Windows;C:\Windows\System32\Wbem;C:\Windows\System32\WindowsPowerShell\v1.0\;C:\Program Files (x86)\Intel\Intel(R) Management Engine Components\DAL;C:\Program Files\Intel\Intel(R) Management Engine Components\DAL;C:\Program Files (x86)\Intel\Intel(R) Management Engine Components\IPT;C:\Program Files\Intel\Intel(R) Management Engine Components\IPT;C:\TDM-GCC-64\bin;C:\Program Files\Common Files\Autodesk Shared\;C:\Program Files (x86)\Autodesk\Backburner\;C:\Program Files\Git\cmd;C:\Program Files (x86)\GNU\GnuPG\pub;C:\ProgramData\Oracle\Java\javapath;C:\Program Files (x86)\Intel\iCLS Client\;C:\Program Files\Intel\iCLS Client\;C:\Windows\system32;C:\Windows;C:\Windows\System32\Wbem;C:\Windows\System32\WindowsPowerShell\v1.0\;C:\Program Files (x86)\Intel\Intel(R) Management Engine Components\DAL;C:\Program Files\Intel\Intel(R) Management Engine Components\DAL;C:\Program Files (x86)\Intel\Intel(R) Management Engine Components\IPT;C:\Program Files\Intel\Intel(R) Management Engine Components\IPT;C:\TDM-GCC-64\bin;C:\Program Files\Common Files\Autodesk Shared\;C:\Program Files (x86)\Autodesk\Backburner\;C:\Program Files\Git\cmd;C:\Program Files (x86)\GNU\GnuPG\pub;C:\RailsInstaller\Ruby2.2.0\bin;C:\Program Files\Ant\bin;C:\Program Files\Java\jdk1.8.0_77\bin" />
    <property name="basedir" value="C:\Users\rwtab\Desktop\cs-implementing-an-arraylist-lab-codeU\javacs-lab02" />
    <property name="ant.java.version" value="1.8" />
    <property name="ant.core.lib" value="C:\Program Files\Ant\lib\ant.jar" />
    <property name="env.USERNAME" value="rwtab" />
    <property name="env.SystemDrive" value="C:" />
    <property name="source" value="1.6" />
    <property name="sun.stderr.encoding" value="cp437" />
    <property name="file.encoding" value="Cp1252" />
    <property name="env.USERDOMAIN" value="DESKTOP-OL5CKUH" />
    <property name="java.specification.version" value="1.8" />
    <property name="env.=C:" value="C:\Users\rwtab\Desktop\cs-implementing-an-arraylist-lab-codeU" />
    <property name="ant.project.invoked-targets" value="test" />
    <property name="env.PROCESSOR_LEVEL" value="6" />
  </properties>
  <testcase classname="com.flatironschool.javacs.MyArrayListTest" name="testToArray" time="0.003" />
  <testcase classname="com.flatironschool.javacs.MyArrayListTest" name="testAddIntT" time="0.0" />
  <testcase classname="com.flatironschool.javacs.MyArrayListTest" name="testGet" time="0.0" />
  <testcase classname="com.flatironschool.javacs.MyArrayListTest" name="testSet" time="0.0" />
  <testcase classname="com.flatironschool.javacs.MyArrayListTest" name="testAddAllCollectionOfQextendsT" time="0.0" />
  <testcase classname="com.flatironschool.javacs.MyArrayListTest" name="testClear" time="0.0" />
  <testcase classname="com.flatironschool.javacs.MyArrayListTest" name="testAddT" time="0.0" />
  <testcase classname="com.flatironschool.javacs.MyArrayListTest" name="testSize" time="0.0" />
  <testcase classname="com.flatironschool.javacs.MyArrayListTest" name="testLastIndexOf" time="0.0" />
  <testcase classname="com.flatironschool.javacs.MyArrayListTest" name="testMyArrayList" time="0.0" />
  <testcase classname="com.flatironschool.javacs.MyArrayListTest" name="testContainsAll" time="0.0" />
  <testcase classname="com.flatironschool.javacs.MyArrayListTest" name="testRemoveObject" time="0.0" />
  <testcase classname="com.flatironschool.javacs.MyArrayListTest" name="testContains" time="0.0" />
  <testcase classname="com.flatironschool.javacs.MyArrayListTest" name="testIndexOf" time="0.0" />
  <testcase classname="com.flatironschool.javacs.MyArrayListTest" name="testIsEmpty" time="0.0" />
  <testcase classname="com.flatironschool.javacs.MyArrayListTest" name="testIterator" time="0.0" />
  <testcase classname="com.flatironschool.javacs.MyArrayListTest" name="testRemoveAll" time="0.0" />
  <testcase classname="com.flatironschool.javacs.MyArrayListTest" name="testRemoveInt" time="0.0" />
  <testcase classname="com.flatironschool.javacs.MyArrayListTest" name="testSubList" time="0.0" />
  <system-out><![CDATA[]]></system-out>
  <system-err><![CDATA[]]></system-err>
</testsuite>
